<?xml version="1.0" encoding="UTF-8"?>
<!-- Generated by org.testng.reporters.JUnitReportReporter -->
<testsuite hostname="DEEPAKPATEL" failures="0" tests="3" name="Functionalities_Test.UserRegistrationPage" time="34.751" errors="0" timestamp="2025-05-15T13:54:12 IST" skipped="0">
  <testcase classname="Functionalities_Test.UserRegistrationPage" name="userRegistrationProcess" time="11.711"/>
  <testcase classname="Functionalities_Test.UserRegistrationPage" name="userRegistrationProcess" time="11.238"/>
  <testcase classname="Functionalities_Test.UserRegistrationPage" name="userRegistrationProcess" time="11.802"/>
</testsuite> <!-- Functionalities_Test.UserRegistrationPage -->
